#
# There is insufficient memory for the Java Runtime Environment to continue.
# Native memory allocation (malloc) failed to allocate 1087296 bytes for Chunk::new
# Possible reasons:
#   The system is out of physical RAM or swap space
#   The process is running with CompressedOops enabled, and the Java Heap may be blocking the growth of the native heap
# Possible solutions:
#   Reduce memory load on the system
#   Increase physical memory or swap space
#   Check if swap backing store is full
#   Decrease Java heap size (-Xmx/-Xms)
#   Decrease number of Java threads
#   Decrease Java thread stack sizes (-Xss)
#   Set larger code cache with -XX:ReservedCodeCacheSize=
#   JVM is running with Unscaled Compressed Oops mode in which the Java heap is
#     placed in the first 4GB address space. The Java Heap base address is the
#     maximum limit for the native heap growth. Please use -XX:HeapBaseMinAddress
#     to set the Java Heap base and to place the Java Heap above 4GB virtual address.
# This output file may be truncated or incomplete.
#
#  Out of Memory Error (arena.cpp:189), pid=10416, tid=24868
#
# JRE version: Java(TM) SE Runtime Environment (17.0.12+8) (build 17.0.12+8-LTS-286)
# Java VM: Java HotSpot(TM) 64-Bit Server VM (17.0.12+8-LTS-286, mixed mode, sharing, tiered, compressed oops, compressed class ptrs, g1 gc, windows-amd64)
# No core dump will be written. Minidumps are not enabled by default on client versions of Windows
#

---------------  S U M M A R Y ------------

Command Line: --add-opens=java.base/java.lang=ALL-UNNAMED --add-opens=java.base/java.lang.invoke=ALL-UNNAMED --add-opens=java.base/java.util=ALL-UNNAMED --add-opens=java.prefs/java.util.prefs=ALL-UNNAMED --add-exports=jdk.compiler/com.sun.tools.javac.api=ALL-UNNAMED --add-exports=jdk.compiler/com.sun.tools.javac.util=ALL-UNNAMED --add-opens=java.base/java.util=ALL-UNNAMED --add-opens=java.prefs/java.util.prefs=ALL-UNNAMED --add-opens=java.base/java.nio.charset=ALL-UNNAMED --add-opens=java.base/java.net=ALL-UNNAMED --add-opens=java.base/java.util.concurrent=ALL-UNNAMED --add-opens=java.base/java.util.concurrent.atomic=ALL-UNNAMED --add-opens=java.xml/javax.xml.namespace=ALL-UNNAMED --add-opens=java.base/java.time=ALL-UNNAMED -Xmx2g -Dfile.encoding=windows-1252 -Duser.country=BR -Duser.language=pt -Duser.variant -javaagent:C:\Users\Anthony\Desktop\Nova pasta\VoidClient\gradle-dist\gradle-9.3.0\lib\agents\gradle-instrumentation-agent-9.3.0.jar org.gradle.launcher.daemon.bootstrap.GradleDaemon 9.3.0

Host: AMD Ryzen 5 5600G with Radeon Graphics         , 12 cores, 15G,  Windows 11 , 64 bit Build 26100 (10.0.26100.8328)
Time: Tue May 26 18:14:48 2026 Hora oficial do Brasil elapsed time: 498.174608 seconds (0d 0h 8m 18s)

---------------  T H R E A D  ---------------

Current thread (0x000001a9de3dd960):  JavaThread "C2 CompilerThread0" daemon [_thread_in_native, id=24868, stack(0x00000084fac00000,0x00000084fad00000)]


Current CompileTask:
C2: 498174 8793       4       org.gradle.internal.serialize.HierarchicalNameSerializer::writeName (88 bytes)

Stack: [0x00000084fac00000,0x00000084fad00000]
Native frames: (J=compiled Java code, j=interpreted, Vv=VM code, C=native code)
V  [jvm.dll+0x67a04a]
V  [jvm.dll+0x7da4ed]
V  [jvm.dll+0x7dbe33]
V  [jvm.dll+0x7dc4a3]
V  [jvm.dll+0x24508f]
V  [jvm.dll+0xab773]
V  [jvm.dll+0xabd3c]
V  [jvm.dll+0x2aa52f]
V  [jvm.dll+0x581eb9]
V  [jvm.dll+0x21f422]
V  [jvm.dll+0x21f81f]
V  [jvm.dll+0x218aa0]
V  [jvm.dll+0x215b65]
V  [jvm.dll+0x1a2960]
V  [jvm.dll+0x22610b]
V  [jvm.dll+0x2242ab]
V  [jvm.dll+0x79075c]
V  [jvm.dll+0x78abea]
V  [jvm.dll+0x678f35]
C  [ucrtbase.dll+0x37b0]
C  [KERNEL32.DLL+0x2e957]
C  [ntdll.dll+0x427c]


---------------  P R O C E S S  ---------------

Threads class SMR info:
_java_thread_list=0x000001aa29f773e0, length=53, elements={
0x000001a9bfd214a0, 0x000001a9de3c27a0, 0x000001a9de3c4e90, 0x000001a9de3dc200,
0x000001a9de3dc6e0, 0x000001a9de3dcbc0, 0x000001a9de3dd0a0, 0x000001a9de3dd960,
0x000001a9de522c80, 0x000001a9de5241b0, 0x000001a9de62f080, 0x000001a9de6e3ad0,
0x000001aa25dcb210, 0x000001aa25d19fb0, 0x000001aa257f0020, 0x000001aa252dddb0,
0x000001aa252e1050, 0x000001aa252e0120, 0x000001aa252de2c0, 0x000001aa28552650,
0x000001aa28551720, 0x000001aa28553580, 0x000001aa285507f0, 0x000001aa28552140,
0x000001aa28550d00, 0x000001aa28557c60, 0x000001aa28558170, 0x000001aa252df700,
0x000001aa252df1f0, 0x000001aa252e0b40, 0x000001aa252e1560, 0x000001aa28553a90,
0x000001aa28557240, 0x000001aa28557750, 0x000001aa28551210, 0x000001aa28554ed0,
0x000001aa285553e0, 0x000001aa28551c30, 0x000001aa285558f0, 0x000001aa28555e00,
0x000001aa28556310, 0x000001aa28556820, 0x000001aa28556d30, 0x000001aa252de7d0,
0x000001aa252dece0, 0x000001aa2ab3fdc0, 0x000001aa2ab3df60, 0x000001aa2ab3e470,
0x000001aa2ab3f3a0, 0x000001aa2ab407e0, 0x000001aa28cf73a0, 0x000001aa2ab3f8b0,
0x000001aa28cf6900
}

Java Threads: ( => current thread )
  0x000001a9bfd214a0 JavaThread "main" [_thread_blocked, id=5112, stack(0x00000084f9f00000,0x00000084fa000000)]
  0x000001a9de3c27a0 JavaThread "Reference Handler" daemon [_thread_blocked, id=28124, stack(0x00000084fa600000,0x00000084fa700000)]
  0x000001a9de3c4e90 JavaThread "Finalizer" daemon [_thread_blocked, id=25540, stack(0x00000084fa700000,0x00000084fa800000)]
  0x000001a9de3dc200 JavaThread "Signal Dispatcher" daemon [_thread_blocked, id=14960, stack(0x00000084fa800000,0x00000084fa900000)]
  0x000001a9de3dc6e0 JavaThread "Attach Listener" daemon [_thread_blocked, id=27476, stack(0x00000084fa900000,0x00000084faa00000)]
  0x000001a9de3dcbc0 JavaThread "Service Thread" daemon [_thread_blocked, id=8912, stack(0x00000084faa00000,0x00000084fab00000)]
  0x000001a9de3dd0a0 JavaThread "Monitor Deflation Thread" daemon [_thread_blocked, id=26012, stack(0x00000084fab00000,0x00000084fac00000)]
=>0x000001a9de3dd960 JavaThread "C2 CompilerThread0" daemon [_thread_in_native, id=24868, stack(0x00000084fac00000,0x00000084fad00000)]
  0x000001a9de522c80 JavaThread "C1 CompilerThread0" daemon [_thread_in_native, id=27968, stack(0x00000084fad00000,0x00000084fae00000)]
  0x000001a9de5241b0 JavaThread "Sweeper thread" daemon [_thread_blocked, id=25188, stack(0x00000084fae00000,0x00000084faf00000)]
  0x000001a9de62f080 JavaThread "Common-Cleaner" daemon [_thread_blocked, id=28204, stack(0x00000084faf00000,0x00000084fb000000)]
  0x000001a9de6e3ad0 JavaThread "Notification Thread" daemon [_thread_blocked, id=24748, stack(0x00000084fb000000,0x00000084fb100000)]
  0x000001aa25dcb210 JavaThread "Daemon health stats" [_thread_blocked, id=16200, stack(0x00000084fb800000,0x00000084fb900000)]
  0x000001aa25d19fb0 JavaThread "Incoming local TCP Connector on port 49849" [_thread_in_native, id=28228, stack(0x00000084fb900000,0x00000084fba00000)]
  0x000001aa257f0020 JavaThread "Daemon periodic checks" [_thread_blocked, id=26252, stack(0x00000084fba00000,0x00000084fbb00000)]
  0x000001aa252dddb0 JavaThread "Cache worker for journal cache (C:\Users\Anthony\.gradle\caches\journal-1)" [_thread_blocked, id=27604, stack(0x00000084fc200000,0x00000084fc300000)]
  0x000001aa252e1050 JavaThread "File lock request listener" [_thread_in_native, id=26500, stack(0x00000084fc300000,0x00000084fc400000)]
  0x000001aa252e0120 JavaThread "Cache worker for file hash cache (C:\Users\Anthony\.gradle\caches\9.3.0\fileHashes)" [_thread_blocked, id=21804, stack(0x00000084fc400000,0x00000084fc500000)]
  0x000001aa252de2c0 JavaThread "File watcher server" daemon [_thread_in_native, id=11716, stack(0x00000084fce00000,0x00000084fcf00000)]
  0x000001aa28552650 JavaThread "File watcher consumer" daemon [_thread_blocked, id=22392, stack(0x00000084fcf00000,0x00000084fd000000)]
  0x000001aa28551720 JavaThread "Cache worker for file content cache (C:\Users\Anthony\.gradle\caches\9.3.0\fileContent)" [_thread_blocked, id=27044, stack(0x00000084fd100000,0x00000084fd200000)]
  0x000001aa28553580 JavaThread "jar transforms" [_thread_blocked, id=24424, stack(0x00000084fd400000,0x00000084fd500000)]
  0x000001aa285507f0 JavaThread "jar transforms Thread 2" [_thread_blocked, id=27088, stack(0x00000084fd500000,0x00000084fd600000)]
  0x000001aa28552140 JavaThread "jar transforms Thread 3" [_thread_blocked, id=25604, stack(0x00000084fd600000,0x00000084fd700000)]
  0x000001aa28550d00 JavaThread "jar transforms Thread 4" [_thread_blocked, id=28032, stack(0x00000084fd700000,0x00000084fd800000)]
  0x000001aa28557c60 JavaThread "jar transforms Thread 5" [_thread_blocked, id=19128, stack(0x00000084fd000000,0x00000084fd100000)]
  0x000001aa28558170 JavaThread "jar transforms Thread 6" [_thread_blocked, id=20028, stack(0x00000084fd200000,0x00000084fd300000)]
  0x000001aa252df700 JavaThread "jar transforms Thread 7" [_thread_blocked, id=28256, stack(0x00000084fd800000,0x00000084fd900000)]
  0x000001aa252df1f0 JavaThread "jar transforms Thread 8" [_thread_blocked, id=15772, stack(0x00000084fd900000,0x00000084fda00000)]
  0x000001aa252e0b40 JavaThread "Memory manager" [_thread_blocked, id=16624, stack(0x00000084fda00000,0x00000084fdb00000)]
  0x000001aa252e1560 JavaThread "Daemon Thread 3" [_thread_blocked, id=16440, stack(0x00000084f9c00000,0x00000084f9d00000)]
  0x000001aa28553a90 JavaThread "Daemon worker Thread 3" [_thread_in_vm, id=26820, stack(0x00000084fb200000,0x00000084fb300000)]
  0x000001aa28557240 JavaThread "jar transforms Thread 9" [_thread_blocked, id=24720, stack(0x00000084fdb00000,0x00000084fdc00000)]
  0x000001aa28557750 JavaThread "jar transforms Thread 10" [_thread_blocked, id=22660, stack(0x00000084fdc00000,0x00000084fdd00000)]
  0x000001aa28551210 JavaThread "VFS cleanup Thread 3" [_thread_blocked, id=26724, stack(0x00000084fbb00000,0x00000084fbc00000)]
  0x000001aa28554ed0 JavaThread "Handler for socket connection from /127.0.0.1:49849 to /127.0.0.1:60009" [_thread_in_native, id=22704, stack(0x00000084f9d00000,0x00000084f9e00000)]
  0x000001aa285553e0 JavaThread "Cancel handler" [_thread_blocked, id=24268, stack(0x00000084f9e00000,0x00000084f9f00000)]
  0x000001aa28551c30 JavaThread "Asynchronous log dispatcher for DefaultDaemonConnection: socket connection from /127.0.0.1:49849 to /127.0.0.1:60009" [_thread_blocked, id=4288, stack(0x00000084fbc00000,0x00000084fbd00000)]
  0x000001aa285558f0 JavaThread "Stdin handler" [_thread_blocked, id=22784, stack(0x00000084fbd00000,0x00000084fbe00000)]
  0x000001aa28555e00 JavaThread "Daemon client event forwarder" [_thread_blocked, id=8472, stack(0x00000084fbe00000,0x00000084fbf00000)]
  0x000001aa28556310 JavaThread "Cache worker for file hash cache (C:\Users\Anthony\Desktop\Nova pasta\VoidClient\.gradle\9.3.0\fileHashes)" [_thread_blocked, id=21400, stack(0x00000084fc000000,0x00000084fc100000)]
  0x000001aa28556820 JavaThread "Cache worker for Build Output Cleanup Cache (C:\Users\Anthony\Desktop\Nova pasta\VoidClient\.gradle\buildOutputCleanup)" [_thread_blocked, id=26184, stack(0x00000084fc100000,0x00000084fc200000)]
  0x000001aa28556d30 JavaThread "Cache worker for checksums cache (C:\Users\Anthony\Desktop\Nova pasta\VoidClient\.gradle\9.3.0\checksums)" [_thread_blocked, id=25624, stack(0x00000084fcb00000,0x00000084fcc00000)]
  0x000001aa252de7d0 JavaThread "Cache worker for cache directory md-supplier (C:\Users\Anthony\.gradle\caches\9.3.0\md-supplier)" [_thread_blocked, id=18788, stack(0x00000084fcc00000,0x00000084fcd00000)]
  0x000001aa252dece0 JavaThread "Cache worker for cache directory md-rule (C:\Users\Anthony\.gradle\caches\9.3.0\md-rule)" [_thread_blocked, id=3748, stack(0x00000084fcd00000,0x00000084fce00000)]
  0x000001aa2ab3fdc0 JavaThread "Problems report writer" [_thread_blocked, id=16024, stack(0x00000084fdd00000,0x00000084fde00000)]
  0x000001aa2ab3df60 JavaThread "jar transforms Thread 11" [_thread_blocked, id=24428, stack(0x00000084fde00000,0x00000084fdf00000)]
  0x000001aa2ab3e470 JavaThread "jar transforms Thread 12" [_thread_blocked, id=27124, stack(0x00000084fdf00000,0x00000084fe000000)]
  0x000001aa2ab3f3a0 JavaThread "Unconstrained build operations" [_thread_blocked, id=27540, stack(0x00000084fbf00000,0x00000084fc000000)]
  0x000001aa2ab407e0 JavaThread "Unconstrained build operations Thread 2" [_thread_blocked, id=25728, stack(0x00000084fd300000,0x00000084fd400000)]
  0x000001aa28cf73a0 JavaThread "C2 CompilerThread1" daemon [_thread_in_native, id=19060, stack(0x00000084fe100000,0x00000084fe200000)]
  0x000001aa2ab3f8b0 JavaThread "Unconstrained build operations Thread 3" [_thread_blocked, id=23776, stack(0x00000084fe200000,0x00000084fe300000)]
  0x000001aa28cf6900 JavaThread "C2 CompilerThread2" daemon [_thread_in_native, id=27928, stack(0x00000084fe300000,0x00000084fe400000)]

Other Threads:
  0x000001a9de3bd140 VMThread "VM Thread" [stack: 0x00000084fa500000,0x00000084fa600000] [id=9516]
  0x000001a9bfd9e490 WatcherThread [stack: 0x00000084fb100000,0x00000084fb200000] [id=23152]
  0x000001a9bfd81310 GCTaskThread "GC Thread#0" [stack: 0x00000084fa000000,0x00000084fa100000] [id=17008]
  0x000001aa240bae40 GCTaskThread "GC Thread#1" [stack: 0x00000084fb400000,0x00000084fb500000] [id=23932]
  0x000001aa24167680 GCTaskThread "GC Thread#2" [stack: 0x00000084fb500000,0x00000084fb600000] [id=27588]
  0x000001aa247951d0 GCTaskThread "GC Thread#3" [stack: 0x00000084fb600000,0x00000084fb700000] [id=27116]
  0x000001aa24795490 GCTaskThread "GC Thread#4" [stack: 0x00000084fb700000,0x00000084fb800000] [id=24224]
  0x000001aa24e129d0 GCTaskThread "GC Thread#5" [stack: 0x00000084fb300000,0x00000084fb400000] [id=10100]
  0x000001aa24e12190 GCTaskThread "GC Thread#6" [stack: 0x00000084fc500000,0x00000084fc600000] [id=23852]
  0x000001aa24e11950 GCTaskThread "GC Thread#7" [stack: 0x00000084fc600000,0x00000084fc700000] [id=17484]
  0x000001aa24e113d0 GCTaskThread "GC Thread#8" [stack: 0x00000084fc700000,0x00000084fc800000] [id=20424]
  0x000001aa24e12710 GCTaskThread "GC Thread#9" [stack: 0x00000084fc800000,0x00000084fc900000] [id=15956]
  0x000001a9bfd932e0 ConcurrentGCThread "G1 Main Marker" [stack: 0x00000084fa100000,0x00000084fa200000] [id=28128]
  0x000001a9bfd95620 ConcurrentGCThread "G1 Conc#0" [stack: 0x00000084fa200000,0x00000084fa300000] [id=6092]
  0x000001aa24e11690 ConcurrentGCThread "G1 Conc#1" [stack: 0x00000084fc900000,0x00000084fca00000] [id=26992]
  0x000001aa24e11c10 ConcurrentGCThread "G1 Conc#2" [stack: 0x00000084fca00000,0x00000084fcb00000] [id=4420]
  0x000001a9bfdee140 ConcurrentGCThread "G1 Refine#0" [stack: 0x00000084fa300000,0x00000084fa400000] [id=23928]
  0x000001a9bfdee530 ConcurrentGCThread "G1 Service" [stack: 0x00000084fa400000,0x00000084fa500000] [id=23772]

Threads with active compile tasks:
C2 CompilerThread0   498217 8793       4       org.gradle.internal.serialize.HierarchicalNameSerializer::writeName (88 bytes)
C2 CompilerThread1   498217 8730       4       org.gradle.internal.instantiation.generator.AbstractClassGenerator$PropertyMetadata::hasAnnotation (14 bytes)
C2 CompilerThread2   498217 8998       4       org.objectweb.asm.ClassReader::readCode (5117 bytes)

VM state: not at safepoint (normal execution)

VM Mutex/Monitor currently owned by a thread: None

Heap address: 0x0000000080000000, size: 2048 MB, Compressed Oops mode: 32-bit

CDS archive(s) mapped at: [0x000001a9df000000-0x000001a9dfbd0000-0x000001a9dfbd0000), size 12386304, SharedBaseAddress: 0x000001a9df000000, ArchiveRelocationMode: 1.
Compressed class space mapped at: 0x000001a9e0000000-0x000001aa20000000, reserved size: 1073741824
Narrow klass base: 0x000001a9df000000, Narrow klass shift: 0, Narrow klass range: 0x100000000

GC Precious Log:
 CPUs: 12 total, 12 available
 Memory: 15762M
 Large Page Support: Disabled
 NUMA Support: Disabled
 Compressed Oops: Enabled (32-bit)
 Heap Region Size: 1M
 Heap Min Capacity: 8M
 Heap Initial Capacity: 248M
 Heap Max Capacity: 2G
 Pre-touch: Disabled
 Parallel Workers: 10
 Concurrent Workers: 3
 Concurrent Refinement Workers: 10
 Periodic GC: Disabled

Heap:
 garbage-first heap   total 120832K, used 66211K [0x0000000080000000, 0x0000000100000000)
  region size 1024K, 15 young (15360K), 2 survivors (2048K)
 Metaspace       used 67397K, committed 68160K, reserved 1114112K
  class space    used 9466K, committed 9856K, reserved 1048576K

Heap Regions: E=young(eden), S=young(survivor), O=old, HS=humongous(starts), HC=humongous(continues), CS=collection set, F=free, OA=open archive, CA=closed archive, TAMS=top-at-mark-start (previous, next)
|   0|0x0000000080000000, 0x0000000080100000, 0x0000000080100000|100%|HS|  |TAMS 0x0000000080100000, 0x0000000080000000| Complete 
|   1|0x0000000080100000, 0x0000000080200000, 0x0000000080200000|100%|HC|  |TAMS 0x0000000080200000, 0x0000000080100000| Complete 
|   2|0x0000000080200000, 0x0000000080300000, 0x0000000080300000|100%|HC|  |TAMS 0x0000000080300000, 0x0000000080200000| Complete 
|   3|0x0000000080300000, 0x0000000080400000, 0x0000000080400000|100%|HC|  |TAMS 0x0000000080400000, 0x0000000080300000| Complete 
|   4|0x0000000080400000, 0x0000000080500000, 0x0000000080500000|100%| O|  |TAMS 0x0000000080500000, 0x0000000080400000| Untracked 
|   5|0x0000000080500000, 0x0000000080600000, 0x0000000080600000|100%| O|  |TAMS 0x0000000080600000, 0x0000000080500000| Untracked 
|   6|0x0000000080600000, 0x0000000080700000, 0x0000000080700000|100%| O|  |TAMS 0x0000000080700000, 0x0000000080600000| Untracked 
|   7|0x0000000080700000, 0x0000000080800000, 0x0000000080800000|100%|HS|  |TAMS 0x0000000080800000, 0x0000000080700000| Complete 
|   8|0x0000000080800000, 0x0000000080900000, 0x0000000080900000|100%| O|  |TAMS 0x0000000080900000, 0x0000000080800000| Untracked 
|   9|0x0000000080900000, 0x0000000080a00000, 0x0000000080a00000|100%| O|  |TAMS 0x0000000080a00000, 0x0000000080900000| Untracked 
|  10|0x0000000080a00000, 0x0000000080b00000, 0x0000000080b00000|100%| O|  |TAMS 0x0000000080b00000, 0x0000000080a00000| Untracked 
|  11|0x0000000080b00000, 0x0000000080c00000, 0x0000000080c00000|100%| O|  |TAMS 0x0000000080c00000, 0x0000000080b00000| Untracked 
|  12|0x0000000080c00000, 0x0000000080d00000, 0x0000000080d00000|100%| O|  |TAMS 0x0000000080d00000, 0x0000000080c00000| Untracked 
|  13|0x0000000080d00000, 0x0000000080e00000, 0x0000000080e00000|100%| O|  |TAMS 0x0000000080e00000, 0x0000000080d00000| Untracked 
|  14|0x0000000080e00000, 0x0000000080f00000, 0x0000000080f00000|100%| O|  |TAMS 0x0000000080f00000, 0x0000000080e00000| Untracked 
|  15|0x0000000080f00000, 0x0000000081000000, 0x0000000081000000|100%| O|  |TAMS 0x0000000081000000, 0x0000000080f00000| Untracked 
|  16|0x0000000081000000, 0x0000000081100000, 0x0000000081100000|100%| O|  |TAMS 0x0000000081100000, 0x0000000081000000| Untracked 
|  17|0x0000000081100000, 0x0000000081200000, 0x0000000081200000|100%| O|  |TAMS 0x0000000081200000, 0x0000000081100000| Untracked 
|  18|0x0000000081200000, 0x0000000081300000, 0x0000000081300000|100%| O|  |TAMS 0x0000000081300000, 0x0000000081200000| Untracked 
|  19|0x0000000081300000, 0x0000000081400000, 0x0000000081400000|100%| O|  |TAMS 0x0000000081400000, 0x0000000081300000| Untracked 
|  20|0x0000000081400000, 0x0000000081500000, 0x0000000081500000|100%| O|  |TAMS 0x0000000081500000, 0x0000000081400000| Untracked 
|  21|0x0000000081500000, 0x0000000081600000, 0x0000000081600000|100%| O|  |TAMS 0x0000000081600000, 0x0000000081500000| Untracked 
|  22|0x0000000081600000, 0x0000000081700000, 0x0000000081700000|100%| O|  |TAMS 0x0000000081700000, 0x0000000081600000| Untracked 
|  23|0x0000000081700000, 0x0000000081800000, 0x0000000081800000|100%| O|  |TAMS 0x0000000081800000, 0x0000000081700000| Untracked 
|  24|0x0000000081800000, 0x0000000081900000, 0x0000000081900000|100%| O|  |TAMS 0x0000000081900000, 0x0000000081800000| Untracked 
|  25|0x0000000081900000, 0x0000000081a00000, 0x0000000081a00000|100%| O|  |TAMS 0x0000000081a00000, 0x0000000081900000| Untracked 
|  26|0x0000000081a00000, 0x0000000081b00000, 0x0000000081b00000|100%| O|  |TAMS 0x0000000081b00000, 0x0000000081a00000| Untracked 
|  27|0x0000000081b00000, 0x0000000081c00000, 0x0000000081c00000|100%| O|  |TAMS 0x0000000081c00000, 0x0000000081b00000| Untracked 
|  28|0x0000000081c00000, 0x0000000081d00000, 0x0000000081d00000|100%| O|  |TAMS 0x0000000081d00000, 0x0000000081c00000| Untracked 
|  29|0x0000000081d00000, 0x0000000081e00000, 0x0000000081e00000|100%| O|  |TAMS 0x0000000081e00000, 0x0000000081d00000| Untracked 
|  30|0x0000000081e00000, 0x0000000081f00000, 0x0000000081f00000|100%| O|  |TAMS 0x0000000081f00000, 0x0000000081e00000| Untracked 
|  31|0x0000000081f00000, 0x0000000082000000, 0x0000000082000000|100%| O|  |TAMS 0x0000000082000000, 0x0000000081f00000| Untracked 
|  32|0x0000000082000000, 0x0000000082100000, 0x0000000082100000|100%| O|  |TAMS 0x0000000082100000, 0x0000000082000000| Untracked 
|  33|0x0000000082100000, 0x0000000082200000, 0x0000000082200000|100%| O|  |TAMS 0x0000000082200000, 0x0000000082100000| Untracked 
|  34|0x0000000082200000, 0x0000000082300000, 0x0000000082300000|100%| O|  |TAMS 0x0000000082300000, 0x0000000082200000| Untracked 
|  35|0x0000000082300000, 0x0000000082400000, 0x0000000082400000|100%| O|  |TAMS 0x0000000082400000, 0x0000000082300000| Untracked 
|  36|0x0000000082400000, 0x0000000082500000, 0x0000000082500000|100%| O|  |TAMS 0x0000000082500000, 0x0000000082400000| Untracked 
|  37|0x0000000082500000, 0x0000000082600000, 0x0000000082600000|100%| O|  |TAMS 0x0000000082600000, 0x0000000082500000| Untracked 
|  38|0x0000000082600000, 0x0000000082600000, 0x0000000082700000|  0%| F|  |TAMS 0x0000000082600000, 0x0000000082600000| Untracked 
|  39|0x0000000082700000, 0x0000000082800000, 0x0000000082800000|100%| O|  |TAMS 0x0000000082800000, 0x0000000082700000| Complete 
|  40|0x0000000082800000, 0x0000000082900000, 0x0000000082900000|100%| O|  |TAMS 0x0000000082900000, 0x0000000082800000| Untracked 
|  41|0x0000000082900000, 0x0000000082a00000, 0x0000000082a00000|100%| O|  |TAMS 0x0000000082a00000, 0x0000000082900000| Untracked 
|  42|0x0000000082a00000, 0x0000000082b00000, 0x0000000082b00000|100%| O|  |TAMS 0x0000000082b00000, 0x0000000082a00000| Untracked 
|  43|0x0000000082b00000, 0x0000000082c00000, 0x0000000082c00000|100%| O|  |TAMS 0x0000000082c00000, 0x0000000082b00000| Untracked 
|  44|0x0000000082c00000, 0x0000000082d00000, 0x0000000082d00000|100%| O|  |TAMS 0x0000000082d00000, 0x0000000082c00000| Untracked 
|  45|0x0000000082d00000, 0x0000000082e00000, 0x0000000082e00000|100%| O|  |TAMS 0x0000000082e00000, 0x0000000082d00000| Untracked 
|  46|0x0000000082e00000, 0x0000000082f00000, 0x0000000082f00000|100%| O|  |TAMS 0x0000000082f00000, 0x0000000082e00000| Untracked 
|  47|0x0000000082f00000, 0x0000000083000000, 0x0000000083000000|100%| O|  |TAMS 0x0000000083000000, 0x0000000082f00000| Untracked 
|  48|0x0000000083000000, 0x0000000083100000, 0x0000000083100000|100%| O|  |TAMS 0x0000000083100000, 0x0000000083000000| Untracked 
|  49|0x0000000083100000, 0x0000000083200000, 0x0000000083200000|100%| O|  |TAMS 0x0000000083200000, 0x0000000083100000| Untracked 
|  50|0x0000000083200000, 0x0000000083300000, 0x0000000083300000|100%| O|  |TAMS 0x0000000083300000, 0x0000000083200000| Untracked 
|  51|0x0000000083300000, 0x0000000083400000, 0x0000000083400000|100%| O|  |TAMS 0x0000000083400000, 0x0000000083300000| Untracked 
|  52|0x0000000083400000, 0x0000000083451200, 0x0000000083500000| 31%| O|  |TAMS 0x0000000083451200, 0x0000000083400000| Untracked 
|  53|0x0000000083500000, 0x0000000083500000, 0x0000000083600000|  0%| F|  |TAMS 0x0000000083500000, 0x0000000083500000| Untracked 
|  54|0x0000000083600000, 0x0000000083600000, 0x0000000083700000|  0%| F|  |TAMS 0x0000000083600000, 0x0000000083600000| Untracked 
|  55|0x0000000083700000, 0x0000000083700000, 0x0000000083800000|  0%| F|  |TAMS 0x0000000083700000, 0x0000000083700000| Untracked 
|  56|0x0000000083800000, 0x0000000083800000, 0x0000000083900000|  0%| F|  |TAMS 0x0000000083800000, 0x0000000083800000| Untracked 
|  57|0x0000000083900000, 0x0000000083900000, 0x0000000083a00000|  0%| F|  |TAMS 0x0000000083900000, 0x0000000083900000| Untracked 
|  58|0x0000000083a00000, 0x0000000083a00000, 0x0000000083b00000|  0%| F|  |TAMS 0x0000000083a00000, 0x0000000083a00000| Untracked 
|  59|0x0000000083b00000, 0x0000000083b00000, 0x0000000083c00000|  0%| F|  |TAMS 0x0000000083b00000, 0x0000000083b00000| Untracked 
|  60|0x0000000083c00000, 0x0000000083c00000, 0x0000000083d00000|  0%| F|  |TAMS 0x0000000083c00000, 0x0000000083c00000| Untracked 
|  61|0x0000000083d00000, 0x0000000083d00000, 0x0000000083e00000|  0%| F|  |TAMS 0x0000000083d00000, 0x0000000083d00000| Untracked 
|  62|0x0000000083e00000, 0x0000000083e00000, 0x0000000083f00000|  0%| F|  |TAMS 0x0000000083e00000, 0x0000000083e00000| Untracked 
|  63|0x0000000083f00000, 0x0000000083f00000, 0x0000000084000000|  0%| F|  |TAMS 0x0000000083f00000, 0x0000000083f00000| Untracked 
|  64|0x0000000084000000, 0x0000000084000000, 0x0000000084100000|  0%| F|  |TAMS 0x0000000084000000, 0x0000000084000000| Untracked 
|  65|0x0000000084100000, 0x0000000084100000, 0x0000000084200000|  0%| F|  |TAMS 0x0000000084100000, 0x0000000084100000| Untracked 
|  66|0x0000000084200000, 0x0000000084200000, 0x0000000084300000|  0%| F|  |TAMS 0x0000000084200000, 0x0000000084200000| Untracked 
|  67|0x0000000084300000, 0x0000000084357af0, 0x0000000084400000| 34%| S|CS|TAMS 0x0000000084300000, 0x0000000084300000| Complete 
|  68|0x0000000084400000, 0x0000000084500000, 0x0000000084500000|100%| S|CS|TAMS 0x0000000084400000, 0x0000000084400000| Complete 
|  69|0x0000000084500000, 0x0000000084500000, 0x0000000084600000|  0%| F|  |TAMS 0x0000000084500000, 0x0000000084500000| Untracked 
|  70|0x0000000084600000, 0x0000000084600000, 0x0000000084700000|  0%| F|  |TAMS 0x0000000084600000, 0x0000000084600000| Untracked 
|  71|0x0000000084700000, 0x0000000084700000, 0x0000000084800000|  0%| F|  |TAMS 0x0000000084700000, 0x0000000084700000| Untracked 
|  72|0x0000000084800000, 0x0000000084800000, 0x0000000084900000|  0%| F|  |TAMS 0x0000000084800000, 0x0000000084800000| Untracked 
|  73|0x0000000084900000, 0x0000000084900000, 0x0000000084a00000|  0%| F|  |TAMS 0x0000000084900000, 0x0000000084900000| Untracked 
|  74|0x0000000084a00000, 0x0000000084a00000, 0x0000000084b00000|  0%| F|  |TAMS 0x0000000084a00000, 0x0000000084a00000| Untracked 
|  75|0x0000000084b00000, 0x0000000084b00000, 0x0000000084c00000|  0%| F|  |TAMS 0x0000000084b00000, 0x0000000084b00000| Untracked 
|  76|0x0000000084c00000, 0x0000000084c00000, 0x0000000084d00000|  0%| F|  |TAMS 0x0000000084c00000, 0x0000000084c00000| Untracked 
|  77|0x0000000084d00000, 0x0000000084d00000, 0x0000000084e00000|  0%| F|  |TAMS 0x0000000084d00000, 0x0000000084d00000| Untracked 
|  78|0x0000000084e00000, 0x0000000084e00000, 0x0000000084f00000|  0%| F|  |TAMS 0x0000000084e00000, 0x0000000084e00000| Untracked 
|  79|0x0000000084f00000, 0x0000000084f00000, 0x0000000085000000|  0%| F|  |TAMS 0x0000000084f00000, 0x0000000084f00000| Untracked 
|  80|0x0000000085000000, 0x0000000085000000, 0x0000000085100000|  0%| F|  |TAMS 0x0000000085000000, 0x0000000085000000| Untracked 
|  81|0x0000000085100000, 0x0000000085100000, 0x0000000085200000|  0%| F|  |TAMS 0x0000000085100000, 0x0000000085100000| Untracked 
|  82|0x0000000085200000, 0x0000000085200000, 0x0000000085300000|  0%| F|  |TAMS 0x0000000085200000, 0x0000000085200000| Untracked 
|  83|0x0000000085300000, 0x0000000085300000, 0x0000000085400000|  0%| F|  |TAMS 0x0000000085300000, 0x0000000085300000| Untracked 
|  84|0x0000000085400000, 0x0000000085400000, 0x0000000085500000|  0%| F|  |TAMS 0x0000000085400000, 0x0000000085400000| Untracked 
|  85|0x0000000085500000, 0x0000000085500000, 0x0000000085600000|  0%| F|  |TAMS 0x0000000085500000, 0x0000000085500000| Untracked 
|  86|0x0000000085600000, 0x0000000085600000, 0x0000000085700000|  0%| F|  |TAMS 0x0000000085600000, 0x0000000085600000| Untracked 
|  87|0x0000000085700000, 0x0000000085700000, 0x0000000085800000|  0%| F|  |TAMS 0x0000000085700000, 0x0000000085700000| Untracked 
|  88|0x0000000085800000, 0x0000000085800000, 0x0000000085900000|  0%| F|  |TAMS 0x0000000085800000, 0x0000000085800000| Untracked 
|  89|0x0000000085900000, 0x0000000085900000, 0x0000000085a00000|  0%| F|  |TAMS 0x0000000085900000, 0x0000000085900000| Untracked 
|  90|0x0000000085a00000, 0x0000000085a00000, 0x0000000085b00000|  0%| F|  |TAMS 0x0000000085a00000, 0x0000000085a00000| Untracked 
|  91|0x0000000085b00000, 0x0000000085b00000, 0x0000000085c00000|  0%| F|  |TAMS 0x0000000085b00000, 0x0000000085b00000| Untracked 
|  92|0x0000000085c00000, 0x0000000085c00000, 0x0000000085d00000|  0%| F|  |TAMS 0x0000000085c00000, 0x0000000085c00000| Untracked 
|  93|0x0000000085d00000, 0x0000000085d00000, 0x0000000085e00000|  0%| F|  |TAMS 0x0000000085d00000, 0x0000000085d00000| Untracked 
|  94|0x0000000085e00000, 0x0000000085e00000, 0x0000000085f00000|  0%| F|  |TAMS 0x0000000085e00000, 0x0000000085e00000| Untracked 
|  95|0x0000000085f00000, 0x0000000085f00000, 0x0000000086000000|  0%| F|  |TAMS 0x0000000085f00000, 0x0000000085f00000| Untracked 
|  96|0x0000000086000000, 0x0000000086000000, 0x0000000086100000|  0%| F|  |TAMS 0x0000000086000000, 0x0000000086000000| Untracked 
|  97|0x0000000086100000, 0x0000000086100000, 0x0000000086200000|  0%| F|  |TAMS 0x0000000086100000, 0x0000000086100000| Untracked 
|  98|0x0000000086200000, 0x0000000086200000, 0x0000000086300000|  0%| F|  |TAMS 0x0000000086200000, 0x0000000086200000| Untracked 
|  99|0x0000000086300000, 0x0000000086300000, 0x0000000086400000|  0%| F|  |TAMS 0x0000000086300000, 0x0000000086300000| Untracked 
| 100|0x0000000086400000, 0x0000000086400000, 0x0000000086500000|  0%| F|  |TAMS 0x0000000086400000, 0x0000000086400000| Untracked 
| 101|0x0000000086500000, 0x0000000086500000, 0x0000000086600000|  0%| F|  |TAMS 0x0000000086500000, 0x0000000086500000| Untracked 
| 102|0x0000000086600000, 0x0000000086600000, 0x0000000086700000|  0%| F|  |TAMS 0x0000000086600000, 0x0000000086600000| Untracked 
| 103|0x0000000086700000, 0x0000000086700000, 0x0000000086800000|  0%| F|  |TAMS 0x0000000086700000, 0x0000000086700000| Untracked 
| 104|0x0000000086800000, 0x0000000086800000, 0x0000000086900000|  0%| F|  |TAMS 0x0000000086800000, 0x0000000086800000| Untracked 
| 105|0x0000000086900000, 0x0000000086980b20, 0x0000000086a00000| 50%| E|  |TAMS 0x0000000086900000, 0x0000000086900000| Complete 
| 137|0x0000000088900000, 0x0000000088a00000, 0x0000000088a00000|100%| E|CS|TAMS 0x0000000088900000, 0x0000000088900000| Complete 
| 138|0x0000000088a00000, 0x0000000088b00000, 0x0000000088b00000|100%| E|CS|TAMS 0x0000000088a00000, 0x0000000088a00000| Complete 
| 139|0x0000000088b00000, 0x0000000088c00000, 0x0000000088c00000|100%| E|CS|TAMS 0x0000000088b00000, 0x0000000088b00000| Complete 
| 140|0x0000000088c00000, 0x0000000088d00000, 0x0000000088d00000|100%| E|CS|TAMS 0x0000000088c00000, 0x0000000088c00000| Complete 
| 141|0x0000000088d00000, 0x0000000088e00000, 0x0000000088e00000|100%| E|CS|TAMS 0x0000000088d00000, 0x0000000088d00000| Complete 
| 142|0x0000000088e00000, 0x0000000088f00000, 0x0000000088f00000|100%| E|CS|TAMS 0x0000000088e00000, 0x0000000088e00000| Complete 
| 143|0x0000000088f00000, 0x0000000089000000, 0x0000000089000000|100%| E|CS|TAMS 0x0000000088f00000, 0x0000000088f00000| Complete 
| 144|0x0000000089000000, 0x0000000089100000, 0x0000000089100000|100%| E|CS|TAMS 0x0000000089000000, 0x0000000089000000| Complete 
| 145|0x0000000089100000, 0x0000000089200000, 0x0000000089200000|100%| E|CS|TAMS 0x0000000089100000, 0x0000000089100000| Complete 
| 146|0x0000000089200000, 0x0000000089300000, 0x0000000089300000|100%| E|CS|TAMS 0x0000000089200000, 0x0000000089200000| Complete 
| 147|0x0000000089300000, 0x0000000089400000, 0x0000000089400000|100%| E|CS|TAMS 0x0000000089300000, 0x0000000089300000| Complete 
| 247|0x000000008f700000, 0x000000008f800000, 0x000000008f800000|100%| E|CS|TAMS 0x000000008f700000, 0x000000008f700000| Complete 

Card table byte_map: [0x000001a9d6f40000,0x000001a9d7340000] _byte_map_base: 0x000001a9d6b40000

Marking Bits (Prev, Next): (CMBitMap*) 0x000001a9bfd81840, (CMBitMap*) 0x000001a9bfd81880
 Prev Bits: [0x000001a9d7740000, 0x000001a9d9740000)
 Next Bits: [0x000001a9d9740000, 0x000001a9db740000)

Polling page: 0x000001a9be0b0000

Metaspace:

Usage:
  Non-class:     56.58 MB used.
      Class:      9.24 MB used.
       Both:     65.83 MB used.

Virtual space:
  Non-class space:       64.00 MB reserved,      57.00 MB ( 89%) committed,  1 nodes.
      Class space:        1.00 GB reserved,       9.62 MB ( <1%) committed,  1 nodes.
             Both:        1.06 GB reserved,      66.62 MB (  6%) committed. 

Chunk freelists:
   Non-Class:  6.23 MB
       Class:  6.36 MB
        Both:  12.59 MB

MaxMetaspaceSize: unlimited
CompressedClassSpaceSize: 1.00 GB
Initial GC threshold: 21.00 MB
Current GC threshold: 110.56 MB
CDS: on
MetaspaceReclaimPolicy: balanced
 - commit_granule_bytes: 65536.
 - commit_granule_words: 8192.
 - virtual_space_node_default_size: 8388608.
 - enlarge_chunks_in_place: 1.
 - new_chunks_are_fully_committed: 0.
 - uncommit_free_chunks: 1.
 - use_allocation_guard: 0.
 - handle_deallocations: 1.


Internal statistics:

num_allocs_failed_limit: 6.
num_arena_births: 1132.
num_arena_deaths: 14.
num_vsnodes_births: 2.
num_vsnodes_deaths: 0.
num_space_committed: 1066.
num_space_uncommitted: 0.
num_chunks_returned_to_freelist: 36.
num_chunks_taken_from_freelist: 3863.
num_chunk_merges: 7.
num_chunk_splits: 2455.
num_chunks_enlarged: 1550.
num_inconsistent_stats: 0.

CodeHeap 'non-profiled nmethods': size=120000Kb used=4709Kb max_used=5598Kb free=115290Kb
 bounds [0x000001a9cf0b0000, 0x000001a9cf630000, 0x000001a9d65e0000]
CodeHeap 'profiled nmethods': size=120000Kb used=14692Kb max_used=15119Kb free=105307Kb
 bounds [0x000001a9c75e0000, 0x000001a9c84e0000, 0x000001a9ceb10000]
CodeHeap 'non-nmethods': size=5760Kb used=1711Kb max_used=1743Kb free=4049Kb
 bounds [0x000001a9ceb10000, 0x000001a9ced80000, 0x000001a9cf0b0000]
 total_blobs=8363 nmethods=7564 adapters=711
 compilation: enabled
              stopped_count=0, restarted_count=0
 full_count=0

Compilation events (20 events):
Event: 497.156 Thread 0x000001a9de522c80 8935       3       java.util.zip.CRC32::update (51 bytes)
Event: 497.156 Thread 0x000001a9de522c80 nmethod 8935 0x000001a9c7df4810 code [0x000001a9c7df4a00, 0x000001a9c7df4e68]
Event: 497.156 Thread 0x000001a9de522c80 8937       3       org.gradle.internal.classpath.transforms.InstrumentingBackwardsCompatibilityVisitor::fixInternalNameForBackwardCompatibility (55 bytes)
Event: 497.157 Thread 0x000001a9de522c80 nmethod 8937 0x000001a9c7890d90 code [0x000001a9c7890fa0, 0x000001a9c78917f8]
Event: 497.157 Thread 0x000001a9de522c80 8941       3       org.objectweb.asm.MethodVisitor::visitEnd (15 bytes)
Event: 497.157 Thread 0x000001a9de522c80 nmethod 8941 0x000001a9c7890910 code [0x000001a9c7890ac0, 0x000001a9c7890cc8]
Event: 497.157 Thread 0x000001a9de522c80 8938       3       org.gradle.internal.classpath.generated.InterceptorDeclaration_PropertyUpgradesJvmBytecode_CoreApi::visitMethodInsn (64 bytes)
Event: 497.157 Thread 0x000001a9de522c80 nmethod 8938 0x000001a9c7a54290 code [0x000001a9c7a544a0, 0x000001a9c7a54b28]
Event: 497.157 Thread 0x000001a9de522c80 8929       3       org.gradle.internal.classpath.generated.InterceptorDeclaration_PropertyUpgradesJvmBytecode_LanguageJvm::visitMethodInsn (218 bytes)
Event: 497.158 Thread 0x000001a9de522c80 nmethod 8929 0x000001a9c7c93810 code [0x000001a9c7c93b40, 0x000001a9c7c94a18]
Event: 497.158 Thread 0x000001a9de522c80 8940       3       org.gradle.internal.classpath.generated.InterceptorDeclaration_PropertyUpgradesJvmBytecode_TestingJvm::visitMethodInsn (110 bytes)
Event: 497.158 Thread 0x000001a9de522c80 nmethod 8940 0x000001a9c7cd7490 code [0x000001a9c7cd76e0, 0x000001a9c7cd7e78]
Event: 497.158 Thread 0x000001a9de522c80 8953       3       java.util.HashMap::computeIfAbsent (330 bytes)
Event: 497.160 Thread 0x000001a9de522c80 nmethod 8953 0x000001a9c7c1ab10 code [0x000001a9c7c1ae40, 0x000001a9c7c1c648]
Event: 497.160 Thread 0x000001a9de522c80 8932       3       org.gradle.internal.classpath.transforms.InstrumentingBackwardsCompatibilityVisitor$BackwardCompatibilityMethodVisitor::visitLocalVariable (21 bytes)
Event: 497.160 Thread 0x000001a9de522c80 nmethod 8932 0x000001a9c7cd6f90 code [0x000001a9c7cd7140, 0x000001a9c7cd7358]
Event: 497.160 Thread 0x000001a9de522c80 8949       3       org.gradle.internal.classpath.transforms.InstrumentingBackwardsCompatibilityVisitor$BackwardCompatibilityMethodVisitor::visitLdcInsn (11 bytes)
Event: 497.160 Thread 0x000001a9de522c80 nmethod 8949 0x000001a9c7e09810 code [0x000001a9c7e099c0, 0x000001a9c7e09b98]
Event: 497.160 Thread 0x000001a9de522c80 8952       3       org.gradle.internal.classpath.transforms.AdhocInterceptors::visitINVOKEVIRTUAL (132 bytes)
Event: 498.168 Thread 0x000001a9de522c80 nmethod 8952 0x000001a9c7730e90 code [0x000001a9c7731200, 0x000001a9c7732468]

GC Heap History (20 events):
Event: 494.486 GC heap before
{Heap before GC invocations=20 (full 0):
 garbage-first heap   total 86016K, used 69834K [0x0000000080000000, 0x0000000100000000)
  region size 1024K, 27 young (27648K), 3 survivors (3072K)
 Metaspace       used 53618K, committed 54336K, reserved 1114112K
  class space    used 7652K, committed 8000K, reserved 1048576K
}
Event: 494.488 GC heap after
{Heap after GC invocations=21 (full 0):
 garbage-first heap   total 86016K, used 46670K [0x0000000080000000, 0x0000000100000000)
  region size 1024K, 3 young (3072K), 3 survivors (3072K)
 Metaspace       used 53618K, committed 54336K, reserved 1114112K
  class space    used 7652K, committed 8000K, reserved 1048576K
}
Event: 494.489 GC heap before
{Heap before GC invocations=21 (full 0):
 garbage-first heap   total 86016K, used 46670K [0x0000000080000000, 0x0000000100000000)
  region size 1024K, 4 young (4096K), 3 survivors (3072K)
 Metaspace       used 53618K, committed 54336K, reserved 1114112K
  class space    used 7652K, committed 8000K, reserved 1048576K
}
Event: 494.491 GC heap after
{Heap after GC invocations=22 (full 0):
 garbage-first heap   total 86016K, used 47057K [0x0000000080000000, 0x0000000100000000)
  region size 1024K, 3 young (3072K), 3 survivors (3072K)
 Metaspace       used 53618K, committed 54336K, reserved 1114112K
  class space    used 7652K, committed 8000K, reserved 1048576K
}
Event: 494.571 GC heap before
{Heap before GC invocations=23 (full 0):
 garbage-first heap   total 87040K, used 67537K [0x0000000080000000, 0x0000000100000000)
  region size 1024K, 22 young (22528K), 3 survivors (3072K)
 Metaspace       used 53664K, committed 54400K, reserved 1114112K
  class space    used 7648K, committed 8000K, reserved 1048576K
}
Event: 494.573 GC heap after
{Heap after GC invocations=24 (full 0):
 garbage-first heap   total 87040K, used 47371K [0x0000000080000000, 0x0000000100000000)
  region size 1024K, 1 young (1024K), 1 survivors (1024K)
 Metaspace       used 53664K, committed 54400K, reserved 1114112K
  class space    used 7648K, committed 8000K, reserved 1048576K
}
Event: 494.832 GC heap before
{Heap before GC invocations=24 (full 0):
 garbage-first heap   total 87040K, used 68875K [0x0000000080000000, 0x0000000100000000)
  region size 1024K, 22 young (22528K), 1 survivors (1024K)
 Metaspace       used 54633K, committed 55424K, reserved 1114112K
  class space    used 7797K, committed 8128K, reserved 1048576K
}
Event: 494.835 GC heap after
{Heap after GC invocations=25 (full 0):
 garbage-first heap   total 87040K, used 49454K [0x0000000080000000, 0x0000000100000000)
  region size 1024K, 3 young (3072K), 3 survivors (3072K)
 Metaspace       used 54633K, committed 55424K, reserved 1114112K
  class space    used 7797K, committed 8128K, reserved 1048576K
}
Event: 495.037 GC heap before
{Heap before GC invocations=26 (full 0):
 garbage-first heap   total 89088K, used 69934K [0x0000000080000000, 0x0000000100000000)
  region size 1024K, 23 young (23552K), 3 survivors (3072K)
 Metaspace       used 55180K, committed 56000K, reserved 1114112K
  class space    used 7867K, committed 8256K, reserved 1048576K
}
Event: 495.039 GC heap after
{Heap after GC invocations=27 (full 0):
 garbage-first heap   total 89088K, used 50259K [0x0000000080000000, 0x0000000100000000)
  region size 1024K, 1 young (1024K), 1 survivors (1024K)
 Metaspace       used 55180K, committed 56000K, reserved 1114112K
  class space    used 7867K, committed 8256K, reserved 1048576K
}
Event: 495.075 GC heap before
{Heap before GC invocations=27 (full 0):
 garbage-first heap   total 89088K, used 53331K [0x0000000080000000, 0x0000000100000000)
  region size 1024K, 4 young (4096K), 1 survivors (1024K)
 Metaspace       used 55446K, committed 56192K, reserved 1114112K
  class space    used 7914K, committed 8256K, reserved 1048576K
}
Event: 495.076 GC heap after
{Heap after GC invocations=28 (full 0):
 garbage-first heap   total 89088K, used 49791K [0x0000000080000000, 0x0000000100000000)
  region size 1024K, 1 young (1024K), 1 survivors (1024K)
 Metaspace       used 55446K, committed 56192K, reserved 1114112K
  class space    used 7914K, committed 8256K, reserved 1048576K
}
Event: 495.441 GC heap before
{Heap before GC invocations=28 (full 0):
 garbage-first heap   total 89088K, used 71295K [0x0000000080000000, 0x0000000100000000)
  region size 1024K, 22 young (22528K), 1 survivors (1024K)
 Metaspace       used 59072K, committed 59904K, reserved 1114112K
  class space    used 8394K, committed 8832K, reserved 1048576K
}
Event: 495.443 GC heap after
{Heap after GC invocations=29 (full 0):
 garbage-first heap   total 89088K, used 50824K [0x0000000080000000, 0x0000000100000000)
  region size 1024K, 2 young (2048K), 2 survivors (2048K)
 Metaspace       used 59072K, committed 59904K, reserved 1114112K
  class space    used 8394K, committed 8832K, reserved 1048576K
}
Event: 496.287 GC heap before
{Heap before GC invocations=30 (full 0):
 garbage-first heap   total 94208K, used 71304K [0x0000000080000000, 0x0000000100000000)
  region size 1024K, 23 young (23552K), 2 survivors (2048K)
 Metaspace       used 63852K, committed 64576K, reserved 1114112K
  class space    used 8993K, committed 9344K, reserved 1048576K
}
Event: 496.289 GC heap after
{Heap after GC invocations=31 (full 0):
 garbage-first heap   total 94208K, used 53105K [0x0000000080000000, 0x0000000100000000)
  region size 1024K, 3 young (3072K), 3 survivors (3072K)
 Metaspace       used 63852K, committed 64576K, reserved 1114112K
  class space    used 8993K, committed 9344K, reserved 1048576K
}
Event: 496.326 GC heap before
{Heap before GC invocations=31 (full 0):
 garbage-first heap   total 94208K, used 53105K [0x0000000080000000, 0x0000000100000000)
  region size 1024K, 4 young (4096K), 3 survivors (3072K)
 Metaspace       used 64703K, committed 65408K, reserved 1114112K
  class space    used 9078K, committed 9408K, reserved 1048576K
}
Event: 496.328 GC heap after
{Heap after GC invocations=32 (full 0):
 garbage-first heap   total 94208K, used 53049K [0x0000000080000000, 0x0000000100000000)
  region size 1024K, 1 young (1024K), 1 survivors (1024K)
 Metaspace       used 64703K, committed 65408K, reserved 1114112K
  class space    used 9078K, committed 9408K, reserved 1048576K
}
Event: 496.960 GC heap before
{Heap before GC invocations=32 (full 0):
 garbage-first heap   total 94208K, used 74553K [0x0000000080000000, 0x0000000100000000)
  region size 1024K, 23 young (23552K), 1 survivors (1024K)
 Metaspace       used 66890K, committed 67712K, reserved 1114112K
  class space    used 9411K, committed 9792K, reserved 1048576K
}
Event: 497.083 GC heap after
{Heap after GC invocations=33 (full 0):
 garbage-first heap   total 120832K, used 53923K [0x0000000080000000, 0x0000000100000000)
  region size 1024K, 2 young (2048K), 2 survivors (2048K)
 Metaspace       used 66890K, committed 67712K, reserved 1114112K
  class space    used 9411K, committed 9792K, reserved 1048576K
}

Deoptimization events (20 events):
Event: 497.113 Thread 0x000001aa28553a90 Uncommon trap: trap_request=0xffffff45 fr.pc=0x000001a9cf19edc4 relative=0x00000000000003a4
Event: 497.113 Thread 0x000001aa28553a90 Uncommon trap: reason=unstable_if action=reinterpret pc=0x000001a9cf19edc4 method=java.io.BufferedOutputStream.write([BII)V @ 35 c2
Event: 497.113 Thread 0x000001aa28553a90 DEOPT PACKING pc=0x000001a9cf19edc4 sp=0x00000084fb2f3950
Event: 497.113 Thread 0x000001aa28553a90 DEOPT UNPACKING pc=0x000001a9ceb623a3 sp=0x00000084fb2f3918 mode 2
Event: 497.120 Thread 0x000001aa28553a90 Uncommon trap: trap_request=0xffffff45 fr.pc=0x000001a9cf436c78 relative=0x0000000000000ef8
Event: 497.120 Thread 0x000001aa28553a90 Uncommon trap: reason=unstable_if action=reinterpret pc=0x000001a9cf436c78 method=java.util.HashMap.computeIfAbsent(Ljava/lang/Object;Ljava/util/function/Function;)Ljava/lang/Object; @ 228 c2
Event: 497.120 Thread 0x000001aa28553a90 DEOPT PACKING pc=0x000001a9cf436c78 sp=0x00000084fb2f32c0
Event: 497.120 Thread 0x000001aa28553a90 DEOPT UNPACKING pc=0x000001a9ceb623a3 sp=0x00000084fb2f3290 mode 2
Event: 497.128 Thread 0x000001aa28553a90 Uncommon trap: trap_request=0xffffff45 fr.pc=0x000001a9cf5d0da8 relative=0x0000000000000128
Event: 497.128 Thread 0x000001aa28553a90 Uncommon trap: reason=unstable_if action=reinterpret pc=0x000001a9cf5d0da8 method=org.objectweb.asm.ByteVector.putByteArray([BII)Lorg/objectweb/asm/ByteVector; @ 20 c2
Event: 497.128 Thread 0x000001aa28553a90 DEOPT PACKING pc=0x000001a9cf5d0da8 sp=0x00000084fb2f3270
Event: 497.129 Thread 0x000001aa28553a90 DEOPT UNPACKING pc=0x000001a9ceb623a3 sp=0x00000084fb2f3240 mode 2
Event: 497.129 Thread 0x000001aa28553a90 Uncommon trap: trap_request=0xffffff45 fr.pc=0x000001a9cf5c0644 relative=0x0000000000000a84
Event: 497.129 Thread 0x000001aa28553a90 Uncommon trap: reason=unstable_if action=reinterpret pc=0x000001a9cf5c0644 method=org.objectweb.asm.Label.resolve([BLorg/objectweb/asm/ByteVector;I)Z @ 81 c2
Event: 497.129 Thread 0x000001aa28553a90 DEOPT PACKING pc=0x000001a9cf5c0644 sp=0x00000084fb2f3380
Event: 497.129 Thread 0x000001aa28553a90 DEOPT UNPACKING pc=0x000001a9ceb623a3 sp=0x00000084fb2f32a8 mode 2
Event: 497.129 Thread 0x000001aa28553a90 Uncommon trap: trap_request=0xffffff45 fr.pc=0x000001a9cf0f1050 relative=0x0000000000000230
Event: 497.129 Thread 0x000001aa28553a90 Uncommon trap: reason=unstable_if action=reinterpret pc=0x000001a9cf0f1050 method=org.objectweb.asm.Label.resolve([BLorg/objectweb/asm/ByteVector;I)Z @ 81 c2
Event: 497.129 Thread 0x000001aa28553a90 DEOPT PACKING pc=0x000001a9cf0f1050 sp=0x00000084fb2f3300
Event: 497.129 Thread 0x000001aa28553a90 DEOPT UNPACKING pc=0x000001a9ceb623a3 sp=0x00000084fb2f3290 mode 2

Classes unloaded (20 events):
Event: 494.512 Thread 0x000001a9de3bd140 Unloading class 0x000001a9e072d000 '_BuildScript_$_run_closure2'
Event: 494.512 Thread 0x000001a9de3bd140 Unloading class 0x000001a9e072c400 '_BuildScript_$_run_closure1'
Event: 494.512 Thread 0x000001a9de3bd140 Unloading class 0x000001a9e072c800 '_BuildScript_'
Event: 494.864 Thread 0x000001a9de3bd140 Unloading class 0x000001a9e070dbb8 '_BuildScript_$_run_closure4'
Event: 494.864 Thread 0x000001a9de3bd140 Unloading class 0x000001a9e070d7d0 '_BuildScript_$_run_closure3'
Event: 494.864 Thread 0x000001a9de3bd140 Unloading class 0x000001a9e070d3e8 '_BuildScript_$_run_closure2'
Event: 494.864 Thread 0x000001a9de3bd140 Unloading class 0x000001a9e070d000 '_BuildScript_$_run_closure1'
Event: 494.864 Thread 0x000001a9de3bd140 Unloading class 0x000001a9e070e000 '_BuildScript_'
Event: 495.466 Thread 0x000001a9de3bd140 Unloading class 0x000001a9e070dbb8 '_BuildScript_$_run_closure1$_closure3'
Event: 495.466 Thread 0x000001a9de3bd140 Unloading class 0x000001a9e070d7d0 '_BuildScript_$_run_closure1$_closure2$_closure4'
Event: 495.466 Thread 0x000001a9de3bd140 Unloading class 0x000001a9e070d3e8 '_BuildScript_$_run_closure1$_closure2'
Event: 495.466 Thread 0x000001a9de3bd140 Unloading class 0x000001a9e070d000 '_BuildScript_$_run_closure1'
Event: 495.466 Thread 0x000001a9de3bd140 Unloading class 0x000001a9e070e000 '_BuildScript_'
Event: 495.466 Thread 0x000001a9de3bd140 Unloading class 0x000001a9e07e7000 '_BuildScript_$_run_closure5'
Event: 495.466 Thread 0x000001a9de3bd140 Unloading class 0x000001a9e072dbb8 '_BuildScript_$_run_closure4$_closure6'
Event: 495.466 Thread 0x000001a9de3bd140 Unloading class 0x000001a9e072d7d0 '_BuildScript_$_run_closure4'
Event: 495.466 Thread 0x000001a9de3bd140 Unloading class 0x000001a9e072d3e8 '_BuildScript_$_run_closure3'
Event: 495.466 Thread 0x000001a9de3bd140 Unloading class 0x000001a9e072d000 '_BuildScript_$_run_closure2'
Event: 495.466 Thread 0x000001a9de3bd140 Unloading class 0x000001a9e072c400 '_BuildScript_$_run_closure1'
Event: 495.466 Thread 0x000001a9de3bd140 Unloading class 0x000001a9e072c800 '_BuildScript_'

Classes redefined (0 events):
No events

Internal exceptions (20 events):
Event: 494.970 Thread 0x000001aa28553a90 Exception <a 'java/lang/ClassNotFoundException'{0x00000000847ba818}: org/gradle/api/internal/initialization/DefaultScriptHandlerCustomizer> (0x00000000847ba818) 
thrown [s\open\src\hotspot\share\classfile\systemDictionary.cpp, line 256]
Event: 494.970 Thread 0x000001aa28553a90 Exception <a 'java/lang/ClassNotFoundException'{0x00000000847d90e8}: org/gradle/api/internal/initialization/DefaultScriptHandler_DecoratedCustomizer> (0x00000000847d90e8) 
thrown [s\open\src\hotspot\share\classfile\systemDictionary.cpp, line 256]
Event: 495.020 Thread 0x000001aa28553a90 Exception <a 'java/lang/NoSuchMethodError'{0x00000000844a6218}: 'java.lang.Object java.lang.invoke.DirectMethodHandle$Holder.invokeStatic(java.lang.Object, long, java.lang.Object)'> (0x00000000844a6218) 
thrown [s\open\src\hotspot\share\interpreter\linkResolver.cpp, line 759]
Event: 495.020 Thread 0x000001aa28553a90 Exception <a 'java/lang/NoSuchMethodError'{0x00000000844ae4a0}: 'java.lang.Object java.lang.invoke.DirectMethodHandle$Holder.newInvokeSpecial(java.lang.Object, long)'> (0x00000000844ae4a0) 
thrown [s\open\src\hotspot\share\interpreter\linkResolver.cpp, line 759]
Event: 495.025 Thread 0x000001aa28553a90 Exception <a 'java/lang/NoSuchMethodError'{0x000000008430f398}: 'java.lang.Object java.lang.invoke.Invokers$Holder.linkToTargetMethod(java.lang.Object, java.lang.Object, java.lang.Object, java.lang.Object, long, java.lang.Object, java.lang.Object)'> (0x000000008430f398) 
thrown [s\open\src\hotspot\share\interpreter\linkResolver.cpp, line 759]
Event: 495.027 Thread 0x000001aa28553a90 Exception <a 'java/lang/NoSuchMethodError'{0x00000000843490b0}: 'java.lang.Object java.lang.invoke.DirectMethodHandle$Holder.newInvokeSpecial(java.lang.Object, java.lang.Object, java.lang.Object, long, java.lang.Object)'> (0x00000000843490b0) 
thrown [s\open\src\hotspot\share\interpreter\linkResolver.cpp, line 759]
Event: 495.027 Thread 0x000001aa28553a90 Exception <a 'java/lang/NoSuchMethodError'{0x000000008434e6d0}: 'java.lang.Object java.lang.invoke.DirectMethodHandle$Holder.invokeSpecial(java.lang.Object, java.lang.Object, java.lang.Object, java.lang.Object, long, java.lang.Object)'> (0x000000008434e6d0) 
thrown [s\open\src\hotspot\share\interpreter\linkResolver.cpp, line 759]
Event: 495.028 Thread 0x000001aa28553a90 Exception <a 'java/lang/NoSuchMethodError'{0x0000000084353160}: 'java.lang.Object java.lang.invoke.Invokers$Holder.linkToTargetMethod(java.lang.Object, java.lang.Object, long, java.lang.Object, java.lang.Object)'> (0x0000000084353160) 
thrown [s\open\src\hotspot\share\interpreter\linkResolver.cpp, line 759]
Event: 495.078 Thread 0x000001aa28553a90 Exception <a 'java/lang/NoSuchMethodError'{0x000000008f726dc0}: 'java.lang.Object java.lang.invoke.DirectMethodHandle$Holder.newInvokeSpecial(java.lang.Object, java.lang.Object, java.lang.Object, int, java.lang.Object)'> (0x000000008f726dc0) 
thrown [s\open\src\hotspot\share\interpreter\linkResolver.cpp, line 759]
Event: 495.078 Thread 0x000001aa28553a90 Exception <a 'java/lang/NoSuchMethodError'{0x000000008f72b7f8}: 'java.lang.Object java.lang.invoke.Invokers$Holder.linkToTargetMethod(java.lang.Object, java.lang.Object, int, java.lang.Object, java.lang.Object)'> (0x000000008f72b7f8) 
thrown [s\open\src\hotspot\share\interpreter\linkResolver.cpp, line 759]
Event: 495.165 Thread 0x000001aa28553a90 Exception <a 'java/lang/NoSuchMethodError'{0x0000000088dbc5e0}: 'java.lang.Object java.lang.invoke.DirectMethodHandle$Holder.invokeSpecial(java.lang.Object, java.lang.Object, long, java.lang.Object, java.lang.Object)'> (0x0000000088dbc5e0) 
thrown [s\open\src\hotspot\share\interpreter\linkResolver.cpp, line 759]
Event: 495.348 Thread 0x000001aa28553a90 Exception <a 'sun/nio/fs/WindowsException'{0x00000000843192f8}> (0x00000000843192f8) 
thrown [s\open\src\hotspot\share\prims\jni.cpp, line 516]
Event: 495.958 Thread 0x000001aa28553a90 Implicit null exception at 0x000001a9cf2fc18c to 0x000001a9cf2fc2be
Event: 496.264 Thread 0x000001aa28553a90 Exception <a 'java/lang/NoSuchMethodError'{0x0000000084880b78}: 'void java.lang.invoke.DirectMethodHandle$Holder.invokeVirtual(java.lang.Object, java.lang.Object, long)'> (0x0000000084880b78) 
thrown [s\open\src\hotspot\share\interpreter\linkResolver.cpp, line 759]
Event: 496.285 Thread 0x000001aa28553a90 Exception <a 'java/lang/NoSuchMethodError'{0x00000000847e5b38}: 'int java.lang.invoke.DirectMethodHandle$Holder.invokeSpecial(java.lang.Object, java.lang.Object, int)'> (0x00000000847e5b38) 
thrown [s\open\src\hotspot\share\interpreter\linkResolver.cpp, line 759]
Event: 496.549 Thread 0x000001aa28553a90 Exception <a 'java/lang/NoSuchMethodError'{0x0000000088fde1e0}: 'void java.lang.invoke.DirectMethodHandle$Holder.invokeStatic(java.lang.Object, java.lang.Object, java.lang.Object, int, java.lang.Object)'> (0x0000000088fde1e0) 
thrown [s\open\src\hotspot\share\interpreter\linkResolver.cpp, line 759]
Event: 496.559 Thread 0x000001aa28553a90 Exception <a 'java/lang/NoSuchMethodError'{0x0000000088eab0f8}: 'int java.lang.invoke.DirectMethodHandle$Holder.invokeInterface(java.lang.Object, java.lang.Object, java.lang.Object, java.lang.Object, java.lang.Object)'> (0x0000000088eab0f8) 
thrown [s\open\src\hotspot\share\interpreter\linkResolver.cpp, line 759]
Event: 496.886 Thread 0x000001aa28553a90 Exception <a 'java/lang/NoSuchMethodError'{0x0000000084891ea0}: 'java.lang.Object java.lang.invoke.DirectMethodHandle$Holder.invokeSpecialIFC(java.lang.Object, java.lang.Object, java.lang.Object)'> (0x0000000084891ea0) 
thrown [s\open\src\hotspot\share\interpreter\linkResolver.cpp, line 759]
Event: 496.943 Thread 0x000001aa28553a90 Exception <a 'sun/nio/fs/WindowsException'{0x00000000846d8d00}> (0x00000000846d8d00) 
thrown [s\open\src\hotspot\share\prims\jni.cpp, line 516]
Event: 497.128 Thread 0x000001aa28553a90 Implicit null exception at 0x000001a9cf5d0cc8 to 0x000001a9cf5d0d88

VM Operations (20 events):
Event: 496.266 Executing VM operation: HandshakeAllThreads
Event: 496.266 Executing VM operation: HandshakeAllThreads done
Event: 496.286 Executing VM operation: G1CollectForAllocation
Event: 496.289 Executing VM operation: G1CollectForAllocation done
Event: 496.292 Executing VM operation: HandshakeAllThreads
Event: 496.292 Executing VM operation: HandshakeAllThreads done
Event: 496.307 Executing VM operation: HandshakeAllThreads
Event: 496.307 Executing VM operation: HandshakeAllThreads done
Event: 496.326 Executing VM operation: G1CollectForAllocation
Event: 496.328 Executing VM operation: G1CollectForAllocation done
Event: 496.792 Executing VM operation: HandshakeAllThreads
Event: 496.793 Executing VM operation: HandshakeAllThreads done
Event: 496.960 Executing VM operation: G1CollectForAllocation
Event: 497.083 Executing VM operation: G1CollectForAllocation done
Event: 497.089 Executing VM operation: HandshakeAllThreads
Event: 497.089 Executing VM operation: HandshakeAllThreads done
Event: 497.109 Executing VM operation: G1Concurrent
Event: 497.112 Executing VM operation: G1Concurrent done
Event: 497.122 Executing VM operation: G1Concurrent
Event: 497.122 Executing VM operation: G1Concurrent done

Events (20 events):
Event: 496.350 loading class com/sun/org/apache/xerces/internal/dom/DeferredCommentImpl done
Event: 496.569 Thread 0x000001aa2ab3f3a0 Thread added: 0x000001aa2ab3f3a0
Event: 496.790 loading class sun/reflect/ReflectionFactory
Event: 496.791 loading class sun/reflect/ReflectionFactory done
Event: 496.791 loading class sun/reflect/ReflectionFactory$1
Event: 496.791 loading class sun/reflect/ReflectionFactory$1 done
Event: 496.811 Thread 0x000001aa2ab407e0 Thread added: 0x000001aa2ab407e0
Event: 496.828 loading class java/util/zip/ZipInputStream
Event: 496.828 loading class java/util/zip/ZipInputStream done
Event: 496.863 Thread 0x000001aa28cf73a0 Thread added: 0x000001aa28cf73a0
Event: 496.887 Thread 0x000001aa2ab3f8b0 Thread added: 0x000001aa2ab3f8b0
Event: 496.908 loading class java/util/TreeMap$EntrySpliterator
Event: 496.909 loading class java/util/TreeMap$EntrySpliterator done
Event: 496.938 Thread 0x000001aa28cf7e40 Thread added: 0x000001aa28cf7e40
Event: 496.954 loading class java/util/zip/Deflater
Event: 496.954 loading class java/util/zip/Deflater done
Event: 496.955 loading class java/util/zip/Deflater$DeflaterZStreamRef
Event: 496.955 loading class java/util/zip/Deflater$DeflaterZStreamRef done
Event: 497.083 Thread 0x000001aa28cf7e40 Thread exited: 0x000001aa28cf7e40
Event: 497.117 Thread 0x000001aa28cf6900 Thread added: 0x000001aa28cf6900


Dynamic libraries:
0x00007ff7e7440000 - 0x00007ff7e7450000 	C:\Program Files\Java\jdk-17\bin\java.exe
0x00007ff8b9260000 - 0x00007ff8b94c7000 	C:\WINDOWS\SYSTEM32\ntdll.dll
0x00007ff8b7f30000 - 0x00007ff8b7ff9000 	C:\WINDOWS\System32\KERNEL32.DLL
0x00007ff8b5cc0000 - 0x00007ff8b60b7000 	C:\WINDOWS\System32\KERNELBASE.dll
0x00007ff8b60c0000 - 0x00007ff8b620b000 	C:\WINDOWS\System32\ucrtbase.dll
0x00007ff8a2470000 - 0x00007ff8a2489000 	C:\Program Files\Java\jdk-17\bin\jli.dll
0x00007ff8a3490000 - 0x00007ff8a34ab000 	C:\Program Files\Java\jdk-17\bin\VCRUNTIME140.dll
0x00007ff8b80c0000 - 0x00007ff8b8176000 	C:\WINDOWS\System32\ADVAPI32.dll
0x00007ff8b83a0000 - 0x00007ff8b8449000 	C:\WINDOWS\System32\msvcrt.dll
0x00007ff8b7120000 - 0x00007ff8b71c7000 	C:\WINDOWS\System32\sechost.dll
0x00007ff8b89f0000 - 0x00007ff8b8b08000 	C:\WINDOWS\System32\RPCRT4.dll
0x00007ff8b8c50000 - 0x00007ff8b8e16000 	C:\WINDOWS\System32\USER32.dll
0x00007ff8b5c90000 - 0x00007ff8b5cb7000 	C:\WINDOWS\System32\win32u.dll
0x00007ff8a2af0000 - 0x00007ff8a2d82000 	C:\WINDOWS\WinSxS\amd64_microsoft.windows.common-controls_6595b64144ccf1df_6.0.26100.8457_none_3e0b2faee331e92d\COMCTL32.dll
0x00007ff8b8820000 - 0x00007ff8b884b000 	C:\WINDOWS\System32\GDI32.dll
0x00007ff8b6e00000 - 0x00007ff8b6f2c000 	C:\WINDOWS\System32\gdi32full.dll
0x00007ff8b6f30000 - 0x00007ff8b6fd3000 	C:\WINDOWS\System32\msvcp_win.dll
0x00007ff8accc0000 - 0x00007ff8acccb000 	C:\WINDOWS\SYSTEM32\VERSION.dll
0x00007ff8b6fe0000 - 0x00007ff8b7012000 	C:\WINDOWS\System32\IMM32.DLL
0x00007ff8b13f0000 - 0x00007ff8b13fc000 	C:\Program Files\Java\jdk-17\bin\vcruntime140_1.dll
0x00007ff898370000 - 0x00007ff8983fe000 	C:\Program Files\Java\jdk-17\bin\msvcp140.dll
0x00007ff803990000 - 0x00007ff804570000 	C:\Program Files\Java\jdk-17\bin\server\jvm.dll
0x00007ff8b8c10000 - 0x00007ff8b8c18000 	C:\WINDOWS\System32\PSAPI.DLL
0x00007ff8acc80000 - 0x00007ff8accb6000 	C:\WINDOWS\SYSTEM32\WINMM.dll
0x00007ff85db00000 - 0x00007ff85db0a000 	C:\WINDOWS\SYSTEM32\WSOCK32.dll
0x00007ff8b8790000 - 0x00007ff8b8810000 	C:\WINDOWS\System32\WS2_32.dll
0x00007ff8b4a20000 - 0x00007ff8b4a3b000 	C:\WINDOWS\SYSTEM32\kernel.appcore.dll
0x00007ff8b1380000 - 0x00007ff8b138a000 	C:\Program Files\Java\jdk-17\bin\jimage.dll
0x00007ff8b3ea0000 - 0x00007ff8b40e2000 	C:\WINDOWS\SYSTEM32\DBGHELP.DLL
0x00007ff8b8e20000 - 0x00007ff8b91a3000 	C:\WINDOWS\System32\combase.dll
0x00007ff8b84d0000 - 0x00007ff8b85a9000 	C:\WINDOWS\System32\OLEAUT32.dll
0x00007ff8af870000 - 0x00007ff8af8ab000 	C:\WINDOWS\SYSTEM32\dbgcore.DLL
0x00007ff8b6d50000 - 0x00007ff8b6df8000 	C:\WINDOWS\System32\bcryptPrimitives.dll
0x00007ff8a5e40000 - 0x00007ff8a5e4e000 	C:\Program Files\Java\jdk-17\bin\instrument.dll
0x00007ff8a0c50000 - 0x00007ff8a0c75000 	C:\Program Files\Java\jdk-17\bin\java.dll
0x00007ff8913c0000 - 0x00007ff891497000 	C:\Program Files\Java\jdk-17\bin\jsvml.dll
0x00007ff8b72d0000 - 0x00007ff8b7a3e000 	C:\WINDOWS\System32\SHELL32.dll
0x00007ff8b62d0000 - 0x00007ff8b6b3c000 	C:\WINDOWS\System32\windows.storage.dll
0x00007ff8b71d0000 - 0x00007ff8b72c6000 	C:\WINDOWS\System32\SHCORE.dll
0x00007ff8b7020000 - 0x00007ff8b7086000 	C:\WINDOWS\System32\shlwapi.dll
0x00007ff8b5bb0000 - 0x00007ff8b5bd9000 	C:\WINDOWS\SYSTEM32\profapi.dll
0x00007ff8a1b50000 - 0x00007ff8a1b68000 	C:\Program Files\Java\jdk-17\bin\zip.dll
0x00007ff899980000 - 0x00007ff899999000 	C:\Program Files\Java\jdk-17\bin\net.dll
0x00007ff8ae970000 - 0x00007ff8aea99000 	C:\WINDOWS\SYSTEM32\WINHTTP.dll
0x00007ff8b4f90000 - 0x00007ff8b4ffc000 	C:\WINDOWS\system32\mswsock.dll
0x00007ff899960000 - 0x00007ff899976000 	C:\Program Files\Java\jdk-17\bin\nio.dll
0x00007ff8a0450000 - 0x00007ff8a0460000 	C:\Program Files\Java\jdk-17\bin\verify.dll
0x00007ff898580000 - 0x00007ff8985a7000 	C:\Users\Anthony\.gradle\native\660c5614fbf4a5f2a75b1949f50a0caf5cd603558e7d8a26e50b933a0cfb79d1\windows-amd64\native-platform.dll
0x00007ff8807f0000 - 0x00007ff880867000 	C:\Users\Anthony\.gradle\native\0.2.8\x86_64-windows-gnu\gradle-fileevents.dll
0x00007ff8a3460000 - 0x00007ff8a346a000 	C:\Program Files\Java\jdk-17\bin\management.dll
0x00007ff8a2460000 - 0x00007ff8a246b000 	C:\Program Files\Java\jdk-17\bin\management_ext.dll
0x00007ff8b4430000 - 0x00007ff8b4462000 	C:\WINDOWS\SYSTEM32\IPHLPAPI.DLL
0x00007ff8b91b0000 - 0x00007ff8b91ba000 	C:\WINDOWS\System32\NSI.dll
0x00007ff8aec70000 - 0x00007ff8aec8d000 	C:\WINDOWS\SYSTEM32\dhcpcsvc6.DLL
0x00007ff8adef0000 - 0x00007ff8adf15000 	C:\WINDOWS\SYSTEM32\dhcpcsvc.DLL
0x00007ff8b44c0000 - 0x00007ff8b45f2000 	C:\WINDOWS\SYSTEM32\DNSAPI.dll
0x00007ff8b5270000 - 0x00007ff8b528b000 	C:\WINDOWS\SYSTEM32\CRYPTSP.dll
0x00007ff8b4980000 - 0x00007ff8b49b9000 	C:\WINDOWS\system32\rsaenh.dll
0x00007ff8b5040000 - 0x00007ff8b5073000 	C:\WINDOWS\SYSTEM32\USERENV.dll
0x00007ff8b5b80000 - 0x00007ff8b5baa000 	C:\WINDOWS\SYSTEM32\bcrypt.dll
0x00007ff8b5290000 - 0x00007ff8b529c000 	C:\WINDOWS\SYSTEM32\CRYPTBASE.dll
0x00007ff8a00a0000 - 0x00007ff8a00ae000 	C:\Program Files\Java\jdk-17\bin\sunmscapi.dll
0x00007ff8b6bd0000 - 0x00007ff8b6d48000 	C:\WINDOWS\System32\CRYPT32.dll
0x00007ff8b5490000 - 0x00007ff8b54c0000 	C:\WINDOWS\SYSTEM32\ncrypt.dll
0x00007ff8b5440000 - 0x00007ff8b547f000 	C:\WINDOWS\SYSTEM32\NTASN1.dll
0x00007ff8b30d0000 - 0x00007ff8b30d8000 	C:\WINDOWS\system32\wshunix.dll
0x00007ff8aec60000 - 0x00007ff8aec6b000 	C:\Windows\System32\rasadhlp.dll
0x00007ff8ad130000 - 0x00007ff8ad1b6000 	C:\WINDOWS\System32\fwpuclnt.dll

dbghelp: loaded successfully - version: 4.0.5 - missing functions: none
symbol engine: initialized successfully - sym options: 0x614 - pdb path: .;C:\Program Files\Java\jdk-17\bin;C:\WINDOWS\SYSTEM32;C:\WINDOWS\WinSxS\amd64_microsoft.windows.common-controls_6595b64144ccf1df_6.0.26100.8457_none_3e0b2faee331e92d;C:\Program Files\Java\jdk-17\bin\server;C:\Users\Anthony\.gradle\native\660c5614fbf4a5f2a75b1949f50a0caf5cd603558e7d8a26e50b933a0cfb79d1\windows-amd64;C:\Users\Anthony\.gradle\native\0.2.8\x86_64-windows-gnu

VM Arguments:
jvm_args: --add-opens=java.base/java.lang=ALL-UNNAMED --add-opens=java.base/java.lang.invoke=ALL-UNNAMED --add-opens=java.base/java.util=ALL-UNNAMED --add-opens=java.prefs/java.util.prefs=ALL-UNNAMED --add-exports=jdk.compiler/com.sun.tools.javac.api=ALL-UNNAMED --add-exports=jdk.compiler/com.sun.tools.javac.util=ALL-UNNAMED --add-opens=java.base/java.util=ALL-UNNAMED --add-opens=java.prefs/java.util.prefs=ALL-UNNAMED --add-opens=java.base/java.nio.charset=ALL-UNNAMED --add-opens=java.base/java.net=ALL-UNNAMED --add-opens=java.base/java.util.concurrent=ALL-UNNAMED --add-opens=java.base/java.util.concurrent.atomic=ALL-UNNAMED --add-opens=java.xml/javax.xml.namespace=ALL-UNNAMED --add-opens=java.base/java.time=ALL-UNNAMED -Xmx2g -Dfile.encoding=windows-1252 -Duser.country=BR -Duser.language=pt -Duser.variant -javaagent:C:\Users\Anthony\Desktop\Nova pasta\VoidClient\gradle-dist\gradle-9.3.0\lib\agents\gradle-instrumentation-agent-9.3.0.jar 
java_command: org.gradle.launcher.daemon.bootstrap.GradleDaemon 9.3.0
java_class_path (initial): C:\Users\Anthony\Desktop\Nova pasta\VoidClient\gradle-dist\gradle-9.3.0\lib\gradle-daemon-main-9.3.0.jar
Launcher Type: SUN_STANDARD

[Global flags]
     intx CICompilerCount                          = 4                                         {product} {ergonomic}
     uint ConcGCThreads                            = 3                                         {product} {ergonomic}
     uint G1ConcRefinementThreads                  = 10                                        {product} {ergonomic}
   size_t G1HeapRegionSize                         = 1048576                                   {product} {ergonomic}
    uintx GCDrainStackTargetSize                   = 64                                        {product} {ergonomic}
   size_t InitialHeapSize                          = 260046848                                 {product} {ergonomic}
   size_t MarkStackSize                            = 4194304                                   {product} {ergonomic}
   size_t MaxHeapSize                              = 2147483648                                {product} {command line}
   size_t MaxNewSize                               = 1287651328                                {product} {ergonomic}
   size_t MinHeapDeltaBytes                        = 1048576                                   {product} {ergonomic}
   size_t MinHeapSize                              = 8388608                                   {product} {ergonomic}
    uintx NonNMethodCodeHeapSize                   = 5839372                                {pd product} {ergonomic}
    uintx NonProfiledCodeHeapSize                  = 122909434                              {pd product} {ergonomic}
    uintx ProfiledCodeHeapSize                     = 122909434                              {pd product} {ergonomic}
    uintx ReservedCodeCacheSize                    = 251658240                              {pd product} {ergonomic}
     bool SegmentedCodeCache                       = true                                      {product} {ergonomic}
   size_t SoftMaxHeapSize                          = 2147483648                             {manageable} {ergonomic}
     bool UseCompressedClassPointers               = true                           {product lp64_product} {ergonomic}
     bool UseCompressedOops                        = true                           {product lp64_product} {ergonomic}
     bool UseG1GC                                  = true                                      {product} {ergonomic}
     bool UseLargePagesIndividualAllocation        = false                                  {pd product} {ergonomic}

Logging:
Log output configuration:
 #0: stdout all=warning uptime,level,tags
 #1: stderr all=off uptime,level,tags

Environment Variables:
PATH=C:\Program Files\Common Files\Oracle\Java\javapath;C:\Program Files\Eclipse Adoptium\jdk-8.0.492.9-hotspot\bin;C:\Program Files (x86)\Common Files\Oracle\Java\java8path;C:\Program Files (x86)\Common Files\Oracle\Java\javapath;C:\WINDOWS\system32;C:\WINDOWS;C:\WINDOWS\System32\Wbem;C:\WINDOWS\System32\WindowsPowerShell\v1.0\;C:\WINDOWS\System32\OpenSSH\;C:\Program Files\playit_gg\bin\;C:\maven-mvnd-1.0.5-windows-amd64\bin;C:\Users\Anthony\AppData\Local\Programs\Python\Python312\Scripts\;C:\Users\Anthony\AppData\Local\Programs\Python\Python312\;C:\Users\Anthony\AppData\Local\Programs\Python\Launcher\;C:\Users\Anthony\AppData\Local\Microsoft\WindowsApps;C:\Users\Anthony\AppData\Local\Programs\Microsoft VS Code\bin
USERNAME=Anthony
OS=Windows_NT
PROCESSOR_IDENTIFIER=AMD64 Family 25 Model 80 Stepping 0, AuthenticAMD



---------------  S Y S T E M  ---------------

OS:
 Windows 11 , 64 bit Build 26100 (10.0.26100.8328)
OS uptime: 0 days 19:18 hours

CPU: total 12 (initial active 12) (12 cores per cpu, 2 threads per core) family 25 model 80 stepping 0 microcode 0xa50000d, cx8, cmov, fxsr, ht, mmx, 3dnowpref, sse, sse2, sse3, ssse3, sse4a, sse4.1, sse4.2, popcnt, lzcnt, tsc, tscinvbit, avx, avx2, aes, erms, clmul, bmi1, bmi2, adx, sha, fma, vzeroupper, clflush, clflushopt

Memory: 4k page, system-wide physical 15762M (995M free)
TotalPageFile size 30890M (AvailPageFile size 16M)
current process WorkingSet (physical memory assigned to process): 322M, peak: 323M
current process commit charge ("private bytes"): 388M, peak: 443M

vm_info: Java HotSpot(TM) 64-Bit Server VM (17.0.12+8-LTS-286) for windows-amd64 JRE (17.0.12+8-LTS-286), built on Jun  5 2024 06:46:59 by "mach5one" with MS VC++ 17.6 (VS2022)

END.
